<?xml version="1.0" encoding="UTF-8"?>
<testsuite name="tests.get.GetBoardsTest" tests="2" skipped="0" failures="0" errors="0" timestamp="2021-10-29T08:43:51" hostname="ivok" time="2.796">
  <properties/>
  <testcase name="checkGetBoards()" classname="tests.get.GetBoardsTest" time="1.834"/>
  <testcase name="checkGetBoard()" classname="tests.get.GetBoardsTest" time="0.961"/>
  <system-out><![CDATA[Request URI:	https://api.trello.com/1/members/ivokarchev/boards?token=b5be5cbc855892da95f4182f1b5018bc9ba425057b56979a5bba60cff79a4fa7&key=61f6e2e1819911ecd24e5ca76465980e&fields=id%2Cname
[
    {
        "name": "RestAssured",
        "id": "617938f1eaa2fd0e661089dc"
    },
    {
        "name": "Tests",
        "id": "617939b4b229cf2b63c07cc5"
    }
]
]]></system-out>
  <system-err><![CDATA[]]></system-err>
</testsuite>
